<?xml version="1.0" encoding="UTF-8"?>
<!-- Generated by org.testng.reporters.JUnitXMLReporter -->
<testsuite hostname="Lenovo-PC" name="Regression1" tests="1" failures="1" timestamp="15 Jul 2016 08:57:39 GMT" time="0.032" errors="0">
  <testcase name="Login" time="0.015" classname="WD_Training.Groups_Test">
    <failure type="java.lang.NullPointerException">
      <![CDATA[java.lang.NullPointerException
	at WD_Training.Groups_Test.Login(Groups_Test.java:36)
... Removed 24 stack frames]]>
    </failure>
  </testcase> <!-- Login -->
</testsuite> <!-- Regression1 -->
