<?xml version="1.0" encoding="UTF-8"?>
<!-- Generated by org.testng.reporters.JUnitXMLReporter -->
<testsuite hostname="VijayMalu" name="Regression1" tests="4" failures="1" timestamp="15 Jul 2016 16:26:29 GMT" time="20.905" errors="0">
  <testcase name="Login" time="1.532" classname="WD_Training.TestNG_Test1"/>
  <testcase name="Login" time="1.818" classname="WD_Training.TestNG_Test_BMethod">
    <failure type="java.lang.AssertionError" message="expected [Sign On: Mercury Tours] but found [Sign-on: Mercury Tours]">
      <![CDATA[java.lang.AssertionError: expected [Sign On: Mercury Tours] but found [Sign-on: Mercury Tours]
	at WD_Training.TestNG_Test_BMethod.Login(TestNG_Test_BMethod.java:55)
	at java.util.concurrent.ThreadPoolExecutor.runWorker(Unknown Source)
	at java.util.concurrent.ThreadPoolExecutor$Worker.run(Unknown Source)
	at java.lang.Thread.run(Unknown Source)
... Removed 15 stack frames]]>
    </failure>
  </testcase> <!-- Login -->
  <testcase name="Register" time="1.178" classname="WD_Training.TestNG_Test1"/>
  <testcase name="Register" time="1.135" classname="WD_Training.TestNG_Test_BMethod"/>
</testsuite> <!-- Regression1 -->
